Build started 05/08/2017 09:45:07.
     1>Project "G:\NM_Game\training\sample\sample_code\samples2\samples\sample03\sample03.vcxproj" on node 2 (Build target(s)).
     1>ClCompile:
         C:\Program Files (x86)\Microsoft Visual Studio 12.0\VC\bin\CL.exe /c /ZI /nologo /W3 /WX- /Od /Oy- /D WIN32 /D _DEBUG /D _WINDOWS /D _UNICODE /D UNICODE /Gm /EHsc /RTC1 /MDd /GS /fp:precise /Zc:wchar_t /Zc:forScope /Fo"Debug\\" /Fd"Debug\vc120.pdb" /Gd /TP /analyze- /errorReport:prompt game.cpp kitty.cpp main.cpp sprite.cpp trace.cpp utils.cpp
         utils.cpp
         trace.cpp
         sprite.cpp
         main.cpp
         c:\program files (x86)\microsoft directx sdk (june 2010)\include\dinput.h: DIRECTINPUT_VERSION undefined. Defaulting to version 0x0800
         kitty.cpp
         c:\program files (x86)\microsoft directx sdk (june 2010)\include\dinput.h: DIRECTINPUT_VERSION undefined. Defaulting to version 0x0800
     1>g:\nm_game\training\sample\sample_code\samples2\samples\sample03\kitty.cpp(58): warning C4244: '+=' : conversion from 'float' to 'int', possible loss of data
     1>g:\nm_game\training\sample\sample_code\samples2\samples\sample03\kitty.cpp(59): warning C4244: '+=' : conversion from 'float' to 'int', possible loss of data
         game.cpp
         c:\program files (x86)\microsoft directx sdk (june 2010)\include\dinput.h: DIRECTINPUT_VERSION undefined. Defaulting to version 0x0800
         Generating Code...
       Link:
         C:\Program Files (x86)\Microsoft Visual Studio 12.0\VC\bin\link.exe /ERRORREPORT:PROMPT /OUT:"G:\NM_Game\training\sample\sample_code\samples2\samples\Debug\sample03.exe" /INCREMENTAL /NOLOGO d3d9.lib d3dx9.lib dxguid.lib dxerr.lib dinput8.lib kernel32.lib user32.lib gdi32.lib winspool.lib comdlg32.lib advapi32.lib shell32.lib ole32.lib oleaut32.lib uuid.lib odbc32.lib odbccp32.lib /MANIFEST /MANIFESTUAC:"level='asInvoker' uiAccess='false'" /manifest:embed /DEBUG /PDB:"G:\NM_Game\training\sample\sample_code\samples2\samples\Debug\sample03.pdb" /SUBSYSTEM:WINDOWS /TLBID:1 /DYNAMICBASE:NO /IMPLIB:"G:\NM_Game\training\sample\sample_code\samples2\samples\Debug\sample03.lib" /MACHINE:X86 /SAFESEH Debug\game.obj
         Debug\kitty.obj
         Debug\main.obj
         Debug\sprite.obj
         Debug\trace.obj
         Debug\utils.obj
     1>game.obj : warning LNK4075: ignoring '/EDITANDCONTINUE' due to '/SAFESEH' specification
         sample03.vcxproj -> G:\NM_Game\training\sample\sample_code\samples2\samples\Debug\sample03.exe
     1>Done Building Project "G:\NM_Game\training\sample\sample_code\samples2\samples\sample03\sample03.vcxproj" (Build target(s)).

Build succeeded.

Time Elapsed 00:00:04.92
